-9.04674e-05 -2.32518e-12 9.047e-05 61764.2 103730 103730 
0.000888877 2.32194 4.96424 61761 103729 103729 
0.00405913 9.28681 19.8559 61751.3 103725 103725 
0.0110212 20.8924 44.6711 61735.2 103719 103720 
0.0242912 37.1351 79.4035 61712.7 103711 103712 
0.0473892 58.0099 124.045 61683.8 103701 103702 
0.0848355 83.5098 178.583 61648.4 103688 103689 
0.142149 113.627 243.004 61606.6 103673 103675 
0.22584 148.352 317.292 61558.4 103655 103658 
0.343409 187.673 401.43 61503.9 103636 103639 
0.503335 231.578 495.393 61443 103614 103617 
0.715077 280.053 599.16 61375.7 103589 103594 
0.989065 333.084 712.706 61302.2 103563 103567 
1.33664 390.647 835.989 61222.3 103534 103539 
1.77021 452.734 968.999 61136.2 103502 103508 
2.30301 519.32 1111.69 61043.8 103469 103475 
2.94925 590.384 1264.03 60945.2 103433 103440 
3.72406 665.903 1425.99 60840.4 103395 103402 
4.64347 745.853 1597.5 60729.5 103354 103362 
5.7243 830.201 1778.53 60612.5 103312 103319 
6.98455 918.934 1969.06 60489.3 103267 103274 
8.44279 1012.02 2169.01 60360.2 103220 103227 
10.1185 1109.42 2378.34 60225 103170 103177 
12.0321 1211.1 2597.01 60083.9 103119 103124 
14.2046 1317.03 2824.92 59936.8 103065 103069 
16.6582 1427.2 3062.08 59783.9 103009 103012 
19.4156 1541.54 3308.38 59625.2 102950 102952 
22.5003 1660.03 3563.79 59460.6 102889 102890 
25.9364 1782.63 3828.22 59290.4 102823 102827 
29.7488 1909.28 4101.6 59114.5 102755 102763 
33.9636 2039.97 4383.9 58933 102685 102696 
38.6069 2174.64 4675.02 58746 102611 102626 
43.7057 2313.25 4974.89 58553.4 102535 102555 
49.2877 2455.75 5283.45 58355.4 102456 102482 
55.3805 2602.08 5600.58 58152 102375 102407 
62.014 2752.21 5926.26 57943.4 102290 102329 
69.217 2906.1 6260.39 57729.4 102203 102249 
77.0195 3063.67 6602.88 57510.3 102113 102168 
85.4519 3224.88 6953.64 57286.1 102019 102084 
94.5442 3389.66 7312.56 57056.9 101923 101999 
104.329 3557.98 7679.61 56822.7 101824 101911 
114.838 3729.77 8054.68 56583.6 101722 101821 
126.102 3904.98 8437.66 56339.6 101617 101730 
138.155 4083.53 8828.47 56091 101508 101636 
151.028 4265.36 9226.99 55837.6 101397 101541 
164.756 4450.43 9633.16 55579.7 101282 101444 
179.37 4638.66 10046.9 55317.3 101164 101344 
194.906 4829.98 10468 55050.5 101043 101244 
211.396 5024.32 10896.5 54779.3 100918 101141 
228.872 5221.61 11332.1 54503.9 100791 101036 
247.371 5421.8 11774.9 54224.4 100659 100930 
266.927 5624.81 12224.7 53940.7 100525 100822 
287.572 5830.56 12681.5 53653.1 100387 100712 
309.34 6038.97 13145 53361.6 100245 100601 
332.266 6249.98 13615.2 53066.3 100100 100487 
356.381 6463.48 14092 52767.3 99951.4 100373 
381.722 6679.43 14575.2 52464.6 99799.1 100257 
408.322 6897.74 15064.8 52158.5 99643.2 100139 
436.212 7118.32 15560.6 51849 99483.6 100019 
465.426 7341.09 16062.5 51536.1 99320.2 99898.6 
495.993 7565.94 16570.4 51220 99153.1 99776.4 
527.951 7792.83 17084.2 50900.8 98982.2 99652.8 
561.328 8021.66 17603.7 50578.7 98807.4 99527.8 
596.156 8252.32 18128.9 50253.6 98628.7 99401.5 
632.465 8484.74 18659.6 49925.7 98446.1 99273.9 
670.281 8718.8 19195.6 49595.1 98259.5 99145.1 
709.64 8954.45 19736.9 49261.9 98068.8 99015.1 
750.566 9191.57 20283.4 48926.3 97874.2 98883.9 
793.089 9430.06 20834.8 48588.3 97675.4 98751.6 
837.233 9669.84 21391.1 48248 97472.5 98618.3 
883.021 9910.79 21952.2 47905.7 97265.4 98484 
930.486 10152.8 22517.9 47561.3 97054.2 98348.7 
979.646 10395.9 23088.1 47215 96838.6 98212.5 
1030.53 10639.8 23662.7 46866.9 96618.8 98075.4 
1083.14 10884.5 24241.5 46517.1 96394.7 97937.6 
1137.52 11129.8 24824.4 46165.8 96166.2 97799 
1193.67 11375.7 25411.3 45813.1 95933.3 97659.7 
1251.62 11622.1 26002 45459 95696 97519.8 
1311.37 11868.8 26596.5 45103.8 95454.3 97379.3 
1372.95 12115.8 27194.5 44747.5 95208 97238.3 
1436.36 12362.8 27795.9 44390.3 94957.2 97096.8 
1501.62 12610 28400.7 44032.3 94701.9 96955 
1568.73 12857 29008.7 43673.6 94442 96812.8 
1637.69 13103.7 29619.7 43314.3 94177.4 96670.4 
1708.52 13350.2 30233.7 42954.7 93908.2 96527.8 
1781.2 13596.2 30850.4 42594.8 93634.4 96385 
1855.75 13841.6 31469.7 42234.7 93355.8 96242.2 
1932.16 14086.4 32091.6 41874.7 93072.4 96099.5 
2010.41 14330.3 32715.9 41514.8 92784.4 95956.8 
2090.51 14573.4 33342.4 41155.1 92491.5 95814.2 
2172.43 14815.3 33971.1 40795.9 92193.8 95672 
2256.16 15056.1 34601.7 40437.3 91891.3 95530 
2341.69 15295.6 35234.2 40079.4 91583.9 95388.4 
2428.98 15533.7 35868.4 39722.4 91271.7 95247.3 
2518.02 15770.2 36504.2 39366.3 90954.6 95106.8 
2608.77 16005 37141.5 39011.5 90632.5 94966.9 
2701.18 16238.1 37780.1 38658 90305.5 94827.7 
2795.25 16469.2 38306 38419.9 89973.6 94689.4 
2890.91 16698.2 37955.7 39060.7 89636.7 94551.9 
2988.11 16925.1 37607.2 39702.6 89294.8 94415.4 
3086.81 17149.6 37260.7 40345.2 88948 94279.9 
3186.93 17371.7 36916.4 40988.5 88596.2 94145.6 
3288.44 17591.2 36574.5 41632.4 88239.3 94012.5 
3391.24 17808 36235 42276.7 87877.4 93880.8 
3495.27 18022 35898.3 42921.3 87510.5 93750.5 
3600.44 18233 35564.6 43566.1 87138.6 93621.7 
3706.66 18440.9 35233.9 44210.9 86761.6 93494.5 
3813.84 18645.5 34906.6 44855.6 86379.6 93369 
3921.88 18846.8 34582.8 45500.2 85992.6 93245.2 
4030.67 19044.7 34262.7 46144.5 85600.6 93123.4 
4140.09 19238.9 33946.6 46788.3 85203.5 93003.5 
4249.99 19429.3 33634.6 47431.6 84801.4 92885.7 
4360.28 19615.9 33327 48074.2 84394.3 92770 
4470.8 19798.5 33024.1 48716 83982.1 92656.6 
4581.37 19976.9 32726.1 49356.8 83565.1 92545.5 
4691.91 20151.2 32433.1 49996.8 83142.8 92436.8 
4802.1 20321 32145.7 50635.2 82715.9 92330.8 
4911.96 20486.5 31863.7 51272.9 82283.7 92227.2 
5021.2 20647.3 31587.6 51909.2 81846.6 92126.4 
5129.52 20803.3 31317.9 52543.4 81404.9 92028.4 
5236.91 20954.6 31054.5 53176.6 80958 91933.2 
5342.98 21100.8 30798.1 53807.6 80506.5 91841 
5447.66 21242.1 30548.4 54437.2 80049.9 91751.8 
5550.56 21378.1 30306.4 55064.4 79588.8 91665.9 
5651.61 21509 30071.8 55690 79122.6 91583 
5750.46 21634.5 29845.2 56313.5 78651.6 91503.4 
5846.79 21754.4 29627.1 56934.2 78176.3 91427.3 
5940.48 21868.9 29417.4 57553 77696 91354.5 
6031.12 21977.6 29216.8 58168.7 77211.4 91285.3 
6118.59 22080.7 29025.2 58782.4 76722 91219.6 
6202.47 22177.9 28843.5 59392.7 76228.5 91157.6 
6282.62 22269.3 28671.4 60000.8 75730.2 91099.2 
6358.7 22354.8 28509.6 60605.7 75227.6 91044.6 
6430.38 22434.1 28358.5 61206.9 74721.2 90993.9 
6497.52 22507.4 28218 61805.2 74210.4 90946.9 
6559.76 22574.4 28088.8 62399.4 73696.2 90904 
6616.94 22635.3 27970.8 62990.2 73177.9 90864.9 
6668.79 22690 27864.5 63576.7 72656.4 90829.9 
6715.05 22738.2 27770.2 64157.8 72132.7 90798.9 
6755.61 22780.2 27687.9 64733.8 71606.5 90771.9 
6790.21 22815.7 27618 65302.1 71080.3 90749.1 
6818.77 22844.9 27560.5 65861.2 70555.7 90730.4 
6841.09 22867.5 27515.7 66404.4 70039.4 90715.8 
6857.13 22883.8 27483.5 66918 69545 90705.3 
6866.78 22893.5 27464.2 67355 69119.6 90699.1 
6870 22896.7 27457.8 67558.8 68919.6 90697 
6871.07 22901.5 27455.7 67552.5 68917 90702.8 
6874.27 22915.8 27449.3 67533.6 68909 90720.3 
6879.61 22939.7 27438.6 67502.2 68895.7 90749.4 
6887.08 22973.1 27423.7 67458.4 68877.1 90789.9 
6896.69 23016 27404.5 67402.5 68853.3 90841.7 
6908.44 23068.5 27381.1 67334.5 68824.1 90904.5 
6922.35 23130.4 27353.4 67254.9 68789.6 90978.1 
6938.39 23201.8 27321.6 67163.9 68749.8 91062 
6956.6 23282.7 27285.5 67061.8 68704.7 91156.1 
6976.97 23373 27245.2 66949 68654.3 91259.9 
6999.49 23472.7 27200.7 66826 68598.6 91372.9 
7024.2 23581.8 27152.1 66693.1 68537.7 91494.8 
7051.09 23700.3 27099.3 66550.7 68471.5 91625.1 
7080.15 23828.1 27042.4 66399.5 68400 91763.3 
7111.43 23965.2 26981.4 66239.6 68323.2 91909 
7144.91 24111.5 26916.3 66071.7 68241.2 92061.7 
7180.59 24266.9 26847.1 65896.3 68154 92220.9 
7218.52 24431.6 26774 65713.6 68061.5 92386.1 
7258.69 24605.4 26696.8 65524.2 67963.8 92556.9 
7301.08 24788.2 26615.6 65328.7 67860.9 92732.6 
7345.76 24980.1 26530.5 65127.3 67752.8 92913.1 
7392.71 25180.9 26441.5 64920.5 67639.5 93097.7 
7441.95 25390.7 26348.6 64708.8 67521 93286 
7493.47 25609.1 26251.9 64492.6 67397.4 93477.5 
7547.32 25836.5 26151.4 64272.1 67268.5 93671.9 
7603.51 26047.1 26072.5 64047.8 67134.6 93868.8 
7662.01 25939.2 26317.1 63820.2 66995.5 94067.6 
7722.9 25827.5 26570.4 63589.5 66851.3 94268.2 
7786.17 25712.1 26832.2 63356 66702 94470.1 
7851.82 25593.2 27102.4 63120 66547.6 94673 
7919.85 25470.8 27380.8 62882.1 66388.3 94876.3 
7990.37 25344.8 27667.7 62642.1 66223.7 95080.1 
8063.23 25215.5 27962.4 62400.9 66054.3 95283.6 
8138.64 25082.6 28265.7 62158.1 65879.7 95487 
8216.54 24946.3 28577 61914.3 65700.2 95689.8 
8296.83 24807 28895.7 61669.9 65515.8 95891.4 
8379.74 24664.2 29222.8 61424.7 65326.3 96092 
8465.11 24518.3 29557.3 61179.3 65132.1 96291.1 
8553.06 24369.2 29899.6 60933.7 64932.8 96488.6 
8643.63 24217 30249.7 60687.9 64728.6 96684.3 
8736.71 24061.9 30606.9 60442.6 64519.7 96877.6 
8832.48 23903.6 30971.8 60197.5 64305.8 97068.8 
8930.75 23742.7 31343.4 59953.2 64087.4 97257.2 
9031.8 23578.7 31722.7 59709.2 63863.9 97443.1 
9135.51 23411.9 32109.1 59466.1 63635.6 97626.1 
9241.77 23242.5 32501.9 59224.3 63403 97805.7 
9350.89 23070.3 32902 58983.2 63165.3 97982.3 
9462.63 22895.7 33308.5 58743.5 62923.2 98155.3 
9577.16 22718.4 33721.8 58505.1 62676.3 98324.8 
9694.52 22538.5 34141.8 58267.9 62424.7 98490.6 
9814.55 22356.5 34567.8 58032.3 62168.8 98652.5 
9937.44 22171.9 35000.2 57798.3 61908.2 98810.4 
10063.1 21985.2 35438.6 57565.9 61643.3 98964.1 
10191.7 21796.1 35883.4 57335.1 61373.6 99113.8 
10323.1 21605 36333.9 57106 61099.6 99259.1 
10457.4 21411.8 36789.9 56879 60821.3 99399.8 
10594.6 21216.6 37252 56653.6 60538.5 99536.2 
10734.6 21019.5 37719.1 56430.2 60251.6 99667.8 
10877.7 20820.4 38192 56208.7 59960.2 99794.8 
11023.7 20619.5 38670.3 55989 59664.5 99917.1 
11172.6 20417.1 39153.2 55771.5 59364.9 100034 
11324.6 20212.9 39641.5 55555.8 59060.8 100147 
11479.5 20007.2 40134.3 55342.3 58752.9 100255 
11637.5 19799.9 40632.2 55130.6 58440.7 100357 
11798.5 19591.1 41134.7 54920.9 58124.4 100455 
11962.5 19381.1 41641.3 54713.3 57804.4 100547 
12129.6 19169.7 42152.6 54507.6 57480.2 100635 
12299.7 18957.2 42667.6 54303.9 57152.4 100717 
12473 18743.4 43187.1 54102 56820.5 100794 
12649.4 18528.5 43710.5 53902 56484.8 100866 
12828.8 18312.8 44237.3 53704 56145.6 100933 
13011.4 18096 44768.1 53507.6 55802.5 100995 
13197.1 17878.5 45301.9 53313.1 55456 101051 
13386 17660 45839.5 53120.2 55105.7 101103 
13578.1 17440.9 46380.2 52929 54751.8 101149 
13773.2 17221.3 46923.5 52739.4 54394.9 101190 
13971.6 17000.9 47470.2 52551.3 54034.2 101227 
14173 16780.2 48019 52364.7 53670.5 101258 
14377.8 16558.9 48570.9 52179.4 53303.4 101284 
14585.8 16337.3 49125 51995.3 52933.2 101306 
14796.7 16115.6 49680.5 51812.7 52560.6 101322 
15011.1 15893.4 50237.5 51630.9 52185.6 101334 
15228.5 15671.3 50792 51450.4 51812.1 101341 
15448.9 15449.3 51270.3 51273.8 51510.5 101343 
15229.7 15670.1 51015.2 51096.7 51942.5 101341 
15010 15894.6 50638.3 50920.4 52494.9 101334 
14790.6 16122 50253.8 50744.8 53053.4 101323 
14571.4 16352.5 49865.4 50569.7 53614.5 101308 
14352.4 16586.2 49473.8 50395 54177.3 101289 
14133.6 16823.1 49079 50220.3 54741.9 101266 
13915.4 17063 48681.9 50045.9 55307 101239 
13697.6 17306 48282.3 49871.5 55872.9 101208 
13480.4 17552 47880.2 49696.9 56439.6 101173 
13263.5 17801.4 47475.5 49521.9 57007.2 101135 
13047.4 18053.6 47068.8 49346.6 57574.7 101093 
12832.1 18308.9 46659.9 49170.8 58142.5 101048 
12617.3 18567.4 46248.6 48994.1 58710.8 101000 
12403.5 18828.8 45835.6 48816.8 59278.6 100948 
12190.6 19093.2 45420.5 48638.5 59846.2 100894 
11978.6 19360.6 45003.6 48459 60413.5 100837 
11767.5 19631.2 44584.5 48278.1 60980.8 100778 
11557.5 19904.5 44164 48095.9 61547.1 100715 
11348.6 20180.8 43741.8 47912.2 62112.6 100651 
11140.7 20460.3 43317.7 47726.5 62677.9 100585 
10934.2 20742.4 42892.3 47539.1 63241.6 100516 
10729 21027.4 42465.6 47349.6 63804.2 100446 
10525 21315.3 42037.4 47158 64365.7 100374 
10322.2 21606.3 41607.6 46963.8 64926.2 100301 
10121 21899.9 41176.9 46767.2 65484.8 100226 
9921.25 22196.2 40745 46568 66041.8 100150 
9722.97 22495.2 40312.1 46366 66597.1 100073 
9526.07 22797.3 39877.8 46160.7 67151.1 99995.3 
9330.9 23101.8 39443 45952.6 67702.6 99917.1 
9137.36 23408.9 39007.3 45741.1 68252.1 99838.3 
8945.33 23718.9 38570.5 45526 68799.9 99759.2 
8755.16 24031.3 38133.3 45307.5 69344.8 99680.1 
8566.74 24346.2 37695.6 45085.3 69887.4 99601.1 
8380.09 24663.6 37257.3 44859.2 70427.5 99522.3 
8195.1 24983.8 36818.2 44628.9 70965.5 99443.8 
8012.14 25306.1 36379.1 44394.7 71500.2 99366 
7831.05 25630.8 35939.8 44156.2 72032.1 99288.9 
7651.73 25958.1 35499.8 43913.1 72561.5 99212.7 
7474.53 26287.4 35060.1 43665.8 73087.5 99137.6 
7299.3 26619 34620.3 43413.7 73610.3 99063.7 
7126.09 26952.8 34180.6 43157 74129.8 98991.2 
6954.78 27289.1 33740.6 42895.2 74646.5 98920.1 
6785.67 27627.2 33301.1 42628.7 75159.4 98850.8 
6618.67 27967.3 32862 42357.2 75668.7 98783.3 
6453.78 28309.4 32423.2 42080.5 76174.4 98717.8 
6290.9 28653.8 31984.4 41798.5 76676.9 98654.3 
6130.31 28999.8 31546.5 41511.4 77175.2 98593 
5971.91 29347.6 31109.2 41219.1 77669.6 98534.1 
5815.58 29697.5 30672.3 40921.1 78160.5 98477.5 
5661.61 30048.8 30236.4 40618 78647 98423.6 
5509.88 29801.4 30401.7 40309.4 79129.4 98372.3 
5360.39 29367.2 30756.3 39995.3 79607.6 98323.7 
5213.06 28933.7 31112.7 39675.5 80082 98278 
5068.13 28501.6 31470.3 39350.5 80551.7 98235.1 
4925.46 28070.6 31829.4 39019.8 81017.1 98195.3 
4785.09 27640.7 32189.8 38683.7 81478.1 98158.5 
4647.03 27212.1 32551.5 38342 81934.6 98124.9 
4511.3 26785 32914.4 37995 82386.5 98094.4 
4377.89 26359.3 33278.5 37642.4 82833.9 98067.1 
4246.82 25935 33643.6 37284.5 83276.5 98043.2 
4118.07 25512.4 34009.8 36921.1 83714.4 98022.5 
3991.69 25091.5 34376.8 36552.6 84147.5 98005.1 
3867.63 24672.3 34744.7 36178.8 84575.9 97991.1 
3745.92 24254.9 35113.4 35799.8 84999.3 97980.4 
3626.54 23839.4 35415.7 35482.8 85417.8 97973.1 
3509.52 23425.9 35026.7 35852.8 85831.4 97969.2 
3394.82 23014.4 34632.7 36223.4 86239.9 97968.7 
3282.46 22605 34234 36594.5 86643.5 97971.5 
3172.43 22197.7 33830.6 36965.9 87041.9 97977.6 
3064.72 21792.7 33422.6 37337.7 87435.3 97987.1 
2959.33 21390.1 33010.2 37709.7 87823.5 97999.9 
2856.24 20989.8 32593.5 38081.9 88206.6 98015.9 
2755.45 20591.9 32172.6 38454.1 88584.5 98035.1 
2656.94 20196.6 31747.7 38826.4 88957.2 98057.6 
2560.72 19803.8 31318.9 39198.5 89324.6 98083.1 
2466.75 19413.7 30886.4 39570.5 89686.8 98111.8 
2375.03 19026.3 30450.4 39942.2 90043.8 98143.4 
2285.54 18641.6 30010.9 40313.5 90395.5 98178.1 
2198.27 18259.8 29568.2 40684.5 90741.9 98215.6 
2113.2 17880.8 29122.5 41054.9 91083 98256 
2030.32 17504.8 28673.9 41424.7 91418.9 98299.2 
1949.59 17131.7 28222.5 41793.9 91749.4 98345.1 
1871.02 16761.8 27768.7 42162.2 92074.6 98393.5 
1794.57 16394.9 27312.5 42529.7 92394.6 98444.6 
1720.23 16031.3 26854.2 42896.2 92709.2 98498.1 
1647.97 15670.8 26394 43261.7 93018.6 98554 
1577.76 15313.6 25932 43626.1 93322.6 98612.3 
1509.6 14959.7 25468.5 43989.2 93621.4 98672.7 
1443.45 14609.3 25003.7 44351.1 93915 98735.3 
1379.29 14262.2 24537.6 44711.5 94203.3 98799.9 
1317.09 13918.6 24070.7 45070.4 94486.3 98866.5 
1256.82 13578.5 23603 45427.8 94764.1 98935 
1198.47 13242 23134.8 45783.5 95036.8 99005.3 
1142 12909.1 22666.3 46137.4 95304.2 99077.3 
1087.38 12579.9 22197.6 46489.5 95566.6 99150.8 
1034.59 12254.3 21729.1 46839.7 95823.7 99225.9 
983.592 11932.5 21260.8 47187.8 96075.8 99302.4 
934.362 11614.5 20793 47533.8 96322.8 99380.3 
886.869 11300.3 20326 47877.5 96564.8 99459.4 
841.087 10989.9 19859.9 48219 96801.8 99539.6 
796.973 10683.5 19395 48558.1 97033.8 99620.9 
754.505 10380.9 18931.3 48894.7 97260.8 99703.2 
713.649 10082.3 18469.2 49228.7 97483 99786.3 
674.373 9787.71 18008.9 49560.1 97700.3 99870.3 
636.646 9497.15 17550.6 49888.7 97912.8 99954.9 
600.432 9210.62 17094.4 50214.5 98120.4 100040 
565.7 8928.19 16640.5 50537.4 98323.4 100126 
532.417 8649.86 16189.3 50857.3 98521.6 100212 
500.551 8375.7 15740.8 51174 98715.2 100299 
470.063 8105.66 15295.2 51487.6 98904.2 100386 
440.924 7839.83 14852.9 51797.9 99088.6 100473 
413.099 7578.21 14413.8 52104.9 99268.5 100560 
386.557 7320.85 13978.4 52408.3 99444 100647 
361.257 7067.72 13546.6 52708.3 99615 100734 
337.17 6818.88 13118.8 53004.7 99781.7 100822 
314.261 6574.33 12695.1 53297.4 99944.1 100908 
292.499 6334.13 12275.8 53586.3 100102 100995 
271.844 6098.24 11860.9 53871.4 100256 101081 
252.265 5866.69 11450.6 54152.5 100406 101167 
233.729 5639.52 11045.2 54429.6 100551 101252 
216.202 5416.73 10644.8 54702.6 100693 101337 
199.652 5198.36 10249.7 54971.4 100831 101421 
184.041 4984.37 9859.83 55236.1 100964 101505 
169.341 4774.81 9475.52 55496.3 101094 101587 
155.516 4569.69 9096.9 55752.2 101220 101669 
142.537 4369.03 8724.17 56003.6 101342 101750 
130.367 4172.8 8357.41 56250.5 101461 101830 
118.977 3981.03 7996.8 56492.8 101575 101909 
108.335 3793.74 7642.54 56730.3 101687 101987 
98.41 3610.94 7294.77 56963.1 101794 102064 
89.1703 3432.61 6953.59 57191.1 101898 102139 
80.5855 3258.76 6619.15 57414.3 101999 102214 
72.6266 3089.42 6291.63 57632.4 102096 102287 
65.2643 2924.6 5971.18 57845.5 102190 102358 
58.4683 2764.27 5657.88 58053.6 102281 102429 
52.2107 2608.45 5351.88 58256.5 102369 102498 
46.4633 2457.14 5053.3 58454.3 102453 102565 
41.1993 2310.35 4762.29 58646.7 102534 102631 
36.3919 2168.09 4478.98 58833.9 102612 102695 
32.0141 2030.34 4203.45 59015.7 102687 102758 
28.0406 1897.11 3935.81 59192.1 102759 102819 
24.4467 1768.41 3676.21 59362.9 102829 102878 
21.2083 1644.24 3424.75 59528.3 102895 102936 
18.3011 1524.59 3181.51 59688.1 102958 102991 
15.7025 1409.47 2946.6 59842.2 103019 103045 
13.3901 1298.86 2720.11 59990.7 103077 103098 
11.3429 1192.8 2502.17 60133.5 103132 103148 
9.5397 1091.25 2292.82 60270.5 103185 103196 
7.96062 994.222 2092.17 60401.8 103235 103242 
6.58642 901.717 1900.29 60527.2 103282 103287 
5.39895 813.748 1717.3 60646.7 103327 103329 
4.38028 730.291 1543.22 60760.3 103369 103370 
3.51377 651.355 1378.14 60867.9 103408 103409 
2.78346 576.939 1222.14 60969.6 103444 103446 
2.17426 507.041 1075.27 61065.3 103479 103481 
1.67195 441.666 937.607 61154.9 103511 103514 
1.26307 380.801 809.182 61238.5 103541 103544 
0.935166 324.45 690.061 61316 103568 103572 
0.676627 272.615 580.295 61387.4 103594 103597 
0.47672 225.29 479.922 61452.6 103617 103620 
0.325641 182.477 388.987 61511.7 103639 103641 
0.214484 144.174 307.524 61564.6 103658 103660 
0.13527 110.379 235.567 61611.3 103675 103676 
0.0809383 81.0924 173.145 61651.9 103689 103691 
0.045363 56.3127 120.284 61686.2 103702 103703 
0.0233512 36.0395 77.0055 61714.3 103712 103712 
0.0106485 20.2719 43.3258 61736.1 103720 103720 
0.00394301 9.00959 19.259 61751.7 103725 103725 
0.000867291 2.25245 4.81519 61761.1 103729 103729 
-9.04674e-05 -2.32518e-12 9.047e-05 61764.2 103730 103730 
